This file contains any messages produced by compilers while
running configure, to aid debugging if configure makes a mistake.

It was created by kapar configure 0.6, which was
generated by GNU Autoconf 2.69.  Invocation command line was

  $ ./configure --with-scamper=/home/fuyao/scamper-cvs-20191102b

## --------- ##
## Platform. ##
## --------- ##

hostname = fuyao-xiaou
uname -m = x86_64
uname -r = 4.4.0-142-generic
uname -s = Linux
uname -v = #168~14.04.1-Ubuntu SMP Sat Jan 19 11:26:28 UTC 2019

/usr/bin/uname -p = unknown
/bin/uname -X     = unknown

/bin/arch              = unknown
/usr/bin/arch -k       = unknown
/usr/convex/getsysinfo = unknown
/usr/bin/hostinfo      = unknown
/bin/machine           = unknown
/usr/bin/oslevel       = unknown
/bin/universe          = unknown

PATH: /usr/local/sbin
PATH: /usr/local/bin
PATH: /usr/sbin
PATH: /usr/bin
PATH: /sbin
PATH: /bin
PATH: /usr/games
PATH: /usr/local/games


## ----------- ##
## Core tests. ##
## ----------- ##

configure:2419: checking for gcc
configure:2435: found /usr/bin/gcc
configure:2446: result: gcc
configure:2675: checking for C compiler version
configure:2684: gcc --version >&5
gcc (Ubuntu 4.8.4-2ubuntu1~14.04.4) 4.8.4
Copyright (C) 2013 Free Software Foundation, Inc.
This is free software; see the source for copying conditions.  There is NO
warranty; not even for MERCHANTABILITY or FITNESS FOR A PARTICULAR PURPOSE.

configure:2695: $? = 0
configure:2684: gcc -v >&5
Using built-in specs.
COLLECT_GCC=gcc
COLLECT_LTO_WRAPPER=/usr/lib/gcc/x86_64-linux-gnu/4.8/lto-wrapper
Target: x86_64-linux-gnu
Configured with: ../src/configure -v --with-pkgversion='Ubuntu 4.8.4-2ubuntu1~14.04.4' --with-bugurl=file:///usr/share/doc/gcc-4.8/README.Bugs --enable-languages=c,c++,java,go,d,fortran,objc,obj-c++ --prefix=/usr --program-suffix=-4.8 --enable-shared --enable-linker-build-id --libexecdir=/usr/lib --without-included-gettext --enable-threads=posix --with-gxx-include-dir=/usr/include/c++/4.8 --libdir=/usr/lib --enable-nls --with-sysroot=/ --enable-clocale=gnu --enable-libstdcxx-debug --enable-libstdcxx-time=yes --enable-gnu-unique-object --disable-libmudflap --enable-plugin --with-system-zlib --disable-browser-plugin --enable-java-awt=gtk --enable-gtk-cairo --with-java-home=/usr/lib/jvm/java-1.5.0-gcj-4.8-amd64/jre --enable-java-home --with-jvm-root-dir=/usr/lib/jvm/java-1.5.0-gcj-4.8-amd64 --with-jvm-jar-dir=/usr/lib/jvm-exports/java-1.5.0-gcj-4.8-amd64 --with-arch-directory=amd64 --with-ecj-jar=/usr/share/java/eclipse-ecj.jar --enable-objc-gc --enable-multiarch --disable-werror --with-arch-32=i686 --with-abi=m64 --with-multilib-list=m32,m64,mx32 --with-tune=generic --enable-checking=release --build=x86_64-linux-gnu --host=x86_64-linux-gnu --target=x86_64-linux-gnu
Thread model: posix
gcc version 4.8.4 (Ubuntu 4.8.4-2ubuntu1~14.04.4) 
configure:2695: $? = 0
configure:2684: gcc -V >&5
gcc: error: unrecognized command line option '-V'
gcc: fatal error: no input files
compilation terminated.
configure:2695: $? = 4
configure:2684: gcc -qversion >&5
gcc: error: unrecognized command line option '-qversion'
gcc: fatal error: no input files
compilation terminated.
configure:2695: $? = 4
configure:2715: checking whether the C compiler works
configure:2737: gcc    conftest.c  >&5
configure:2741: $? = 0
configure:2789: result: yes
configure:2792: checking for C compiler default output file name
configure:2794: result: a.out
configure:2800: checking for suffix of executables
configure:2807: gcc -o conftest    conftest.c  >&5
configure:2811: $? = 0
configure:2833: result: 
configure:2855: checking whether we are cross compiling
configure:2863: gcc -o conftest    conftest.c  >&5
configure:2867: $? = 0
configure:2874: ./conftest
configure:2878: $? = 0
configure:2893: result: no
configure:2898: checking for suffix of object files
configure:2920: gcc -c   conftest.c >&5
configure:2924: $? = 0
configure:2945: result: o
configure:2949: checking whether we are using the GNU C compiler
configure:2968: gcc -c   conftest.c >&5
configure:2968: $? = 0
configure:2977: result: yes
configure:2986: checking whether gcc accepts -g
configure:3006: gcc -c -g  conftest.c >&5
configure:3006: $? = 0
configure:3047: result: yes
configure:3064: checking for gcc option to accept ISO C89
configure:3127: gcc  -c -g -O2  conftest.c >&5
configure:3127: $? = 0
configure:3140: result: none needed
configure:3218: checking for g++
configure:3234: found /usr/bin/g++
configure:3245: result: g++
configure:3272: checking for C++ compiler version
configure:3281: g++ --version >&5
g++ (Ubuntu 4.8.4-2ubuntu1~14.04.4) 4.8.4
Copyright (C) 2013 Free Software Foundation, Inc.
This is free software; see the source for copying conditions.  There is NO
warranty; not even for MERCHANTABILITY or FITNESS FOR A PARTICULAR PURPOSE.

configure:3292: $? = 0
configure:3281: g++ -v >&5
Using built-in specs.
COLLECT_GCC=g++
COLLECT_LTO_WRAPPER=/usr/lib/gcc/x86_64-linux-gnu/4.8/lto-wrapper
Target: x86_64-linux-gnu
Configured with: ../src/configure -v --with-pkgversion='Ubuntu 4.8.4-2ubuntu1~14.04.4' --with-bugurl=file:///usr/share/doc/gcc-4.8/README.Bugs --enable-languages=c,c++,java,go,d,fortran,objc,obj-c++ --prefix=/usr --program-suffix=-4.8 --enable-shared --enable-linker-build-id --libexecdir=/usr/lib --without-included-gettext --enable-threads=posix --with-gxx-include-dir=/usr/include/c++/4.8 --libdir=/usr/lib --enable-nls --with-sysroot=/ --enable-clocale=gnu --enable-libstdcxx-debug --enable-libstdcxx-time=yes --enable-gnu-unique-object --disable-libmudflap --enable-plugin --with-system-zlib --disable-browser-plugin --enable-java-awt=gtk --enable-gtk-cairo --with-java-home=/usr/lib/jvm/java-1.5.0-gcj-4.8-amd64/jre --enable-java-home --with-jvm-root-dir=/usr/lib/jvm/java-1.5.0-gcj-4.8-amd64 --with-jvm-jar-dir=/usr/lib/jvm-exports/java-1.5.0-gcj-4.8-amd64 --with-arch-directory=amd64 --with-ecj-jar=/usr/share/java/eclipse-ecj.jar --enable-objc-gc --enable-multiarch --disable-werror --with-arch-32=i686 --with-abi=m64 --with-multilib-list=m32,m64,mx32 --with-tune=generic --enable-checking=release --build=x86_64-linux-gnu --host=x86_64-linux-gnu --target=x86_64-linux-gnu
Thread model: posix
gcc version 4.8.4 (Ubuntu 4.8.4-2ubuntu1~14.04.4) 
configure:3292: $? = 0
configure:3281: g++ -V >&5
g++: error: unrecognized command line option '-V'
g++: fatal error: no input files
compilation terminated.
configure:3292: $? = 4
configure:3281: g++ -qversion >&5
g++: error: unrecognized command line option '-qversion'
g++: fatal error: no input files
compilation terminated.
configure:3292: $? = 4
configure:3296: checking whether we are using the GNU C++ compiler
configure:3315: g++ -c   conftest.cpp >&5
configure:3315: $? = 0
configure:3324: result: yes
configure:3333: checking whether g++ accepts -g
configure:3353: g++ -c -g  conftest.cpp >&5
configure:3353: $? = 0
configure:3394: result: yes
configure:3421: checking whether make sets $(MAKE)
configure:3443: result: yes
configure:3471: checking how to run the C++ preprocessor
configure:3498: g++ -E  conftest.cpp
configure:3498: $? = 0
configure:3512: g++ -E  conftest.cpp
conftest.cpp:9:28: fatal error: ac_nonexistent.h: No such file or directory
 #include <ac_nonexistent.h>
                            ^
compilation terminated.
configure:3512: $? = 1
configure: failed program was:
| /* confdefs.h */
| #define PACKAGE_NAME "kapar"
| #define PACKAGE_TARNAME "kapar"
| #define PACKAGE_VERSION "0.6"
| #define PACKAGE_STRING "kapar 0.6"
| #define PACKAGE_BUGREPORT ""
| #define PACKAGE_URL ""
| /* end confdefs.h.  */
| #include <ac_nonexistent.h>
configure:3537: result: g++ -E
configure:3557: g++ -E  conftest.cpp
configure:3557: $? = 0
configure:3571: g++ -E  conftest.cpp
conftest.cpp:9:28: fatal error: ac_nonexistent.h: No such file or directory
 #include <ac_nonexistent.h>
                            ^
compilation terminated.
configure:3571: $? = 1
configure: failed program was:
| /* confdefs.h */
| #define PACKAGE_NAME "kapar"
| #define PACKAGE_TARNAME "kapar"
| #define PACKAGE_VERSION "0.6"
| #define PACKAGE_STRING "kapar 0.6"
| #define PACKAGE_BUGREPORT ""
| #define PACKAGE_URL ""
| /* end confdefs.h.  */
| #include <ac_nonexistent.h>
configure:3600: checking for grep that handles long lines and -e
configure:3658: result: /bin/grep
configure:3663: checking for egrep
configure:3725: result: /bin/grep -E
configure:3730: checking for ANSI C header files
configure:3750: g++ -c -g -O2 --std=c++11  conftest.cpp >&5
configure:3750: $? = 0
configure:3823: g++ -o conftest -g -O2 --std=c++11   conftest.cpp  >&5
configure:3823: $? = 0
configure:3823: ./conftest
configure:3823: $? = 0
configure:3834: result: yes
configure:3847: checking for sys/types.h
configure:3847: g++ -c -g -O2 --std=c++11  conftest.cpp >&5
configure:3847: $? = 0
configure:3847: result: yes
configure:3847: checking for sys/stat.h
configure:3847: g++ -c -g -O2 --std=c++11  conftest.cpp >&5
configure:3847: $? = 0
configure:3847: result: yes
configure:3847: checking for stdlib.h
configure:3847: g++ -c -g -O2 --std=c++11  conftest.cpp >&5
configure:3847: $? = 0
configure:3847: result: yes
configure:3847: checking for string.h
configure:3847: g++ -c -g -O2 --std=c++11  conftest.cpp >&5
configure:3847: $? = 0
configure:3847: result: yes
configure:3847: checking for memory.h
configure:3847: g++ -c -g -O2 --std=c++11  conftest.cpp >&5
configure:3847: $? = 0
configure:3847: result: yes
configure:3847: checking for strings.h
configure:3847: g++ -c -g -O2 --std=c++11  conftest.cpp >&5
configure:3847: $? = 0
configure:3847: result: yes
configure:3847: checking for inttypes.h
configure:3847: g++ -c -g -O2 --std=c++11  conftest.cpp >&5
configure:3847: $? = 0
configure:3847: result: yes
configure:3847: checking for stdint.h
configure:3847: g++ -c -g -O2 --std=c++11  conftest.cpp >&5
configure:3847: $? = 0
configure:3847: result: yes
configure:3847: checking for unistd.h
configure:3847: g++ -c -g -O2 --std=c++11  conftest.cpp >&5
configure:3847: $? = 0
configure:3847: result: yes
configure:3862: checking unordered_set usability
configure:3862: g++ -c -g -O2 --std=c++11  conftest.cpp >&5
configure:3862: $? = 0
configure:3862: result: yes
configure:3862: checking unordered_set presence
configure:3862: g++ -E  conftest.cpp
In file included from /usr/include/c++/4.8/unordered_set:35:0,
                 from conftest.cpp:19:
/usr/include/c++/4.8/bits/c++0x_warning.h:32:2: error: #error This file requires compiler and library support for the ISO C++ 2011 standard. This support is currently experimental, and must be enabled with the -std=c++11 or -std=gnu++11 compiler options.
 #error This file requires compiler and library support for the \
  ^
configure:3862: $? = 1
configure: failed program was:
| /* confdefs.h */
| #define PACKAGE_NAME "kapar"
| #define PACKAGE_TARNAME "kapar"
| #define PACKAGE_VERSION "0.6"
| #define PACKAGE_STRING "kapar 0.6"
| #define PACKAGE_BUGREPORT ""
| #define PACKAGE_URL ""
| #define STDC_HEADERS 1
| #define HAVE_SYS_TYPES_H 1
| #define HAVE_SYS_STAT_H 1
| #define HAVE_STDLIB_H 1
| #define HAVE_STRING_H 1
| #define HAVE_MEMORY_H 1
| #define HAVE_STRINGS_H 1
| #define HAVE_INTTYPES_H 1
| #define HAVE_STDINT_H 1
| #define HAVE_UNISTD_H 1
| /* end confdefs.h.  */
| #include <unordered_set>
configure:3862: result: no
configure:3862: WARNING: unordered_set: accepted by the compiler, rejected by the preprocessor!
configure:3862: WARNING: unordered_set: proceeding with the compiler's result
configure:3862: checking for unordered_set
configure:3862: result: yes
configure:3880: checking for std::hash<int>
configure:3880: g++ -c -g -O2 --std=c++11  conftest.cpp >&5
configure:3880: $? = 0
configure:3880: g++ -c -g -O2 --std=c++11  conftest.cpp >&5
conftest.cpp: In function 'int main()':
conftest.cpp:35:28: error: expected primary-expression before ')' token
 if (sizeof ((std::hash<int>)))
                            ^
configure:3880: $? = 1
configure: failed program was:
| /* confdefs.h */
| #define PACKAGE_NAME "kapar"
| #define PACKAGE_TARNAME "kapar"
| #define PACKAGE_VERSION "0.6"
| #define PACKAGE_STRING "kapar 0.6"
| #define PACKAGE_BUGREPORT ""
| #define PACKAGE_URL ""
| #define STDC_HEADERS 1
| #define HAVE_SYS_TYPES_H 1
| #define HAVE_SYS_STAT_H 1
| #define HAVE_STDLIB_H 1
| #define HAVE_STRING_H 1
| #define HAVE_MEMORY_H 1
| #define HAVE_STRINGS_H 1
| #define HAVE_INTTYPES_H 1
| #define HAVE_STDINT_H 1
| #define HAVE_UNISTD_H 1
| #define HAVE_UNORDERED_SET 1
| /* end confdefs.h.  */
| 
|             #if defined(HAVE_UNORDERED_SET)
|             #include <unordered_set>
|             #elif defined(HAVE_TR1_UNORDERED_SET)
|             #include <tr1/unordered_set>
|             #elif defined(HAVE_HASH_SET)
|             #include <hash_set>
|             #elif defined(HAVE_EXT_HASH_SET)
|             #include <ext/hash_set>
|             #endif
| 
| 
| int
| main ()
| {
| if (sizeof ((std::hash<int>)))
| 	    return 0;
|   ;
|   return 0;
| }
configure:3880: result: yes
configure:3954: checking build system type
configure:3968: result: x86_64-unknown-linux-gnu
configure:3988: checking host system type
configure:4001: result: x86_64-unknown-linux-gnu
configure:4190: checking for the pthreads library -lpthreads
configure:4228: gcc -o conftest -g -O2    conftest.c -lpthreads  >&5
/usr/bin/ld: cannot find -lpthreads
collect2: error: ld returned 1 exit status
configure:4228: $? = 1
configure: failed program was:
| /* confdefs.h */
| #define PACKAGE_NAME "kapar"
| #define PACKAGE_TARNAME "kapar"
| #define PACKAGE_VERSION "0.6"
| #define PACKAGE_STRING "kapar 0.6"
| #define PACKAGE_BUGREPORT ""
| #define PACKAGE_URL ""
| #define STDC_HEADERS 1
| #define HAVE_SYS_TYPES_H 1
| #define HAVE_SYS_STAT_H 1
| #define HAVE_STDLIB_H 1
| #define HAVE_STRING_H 1
| #define HAVE_MEMORY_H 1
| #define HAVE_STRINGS_H 1
| #define HAVE_INTTYPES_H 1
| #define HAVE_STDINT_H 1
| #define HAVE_UNISTD_H 1
| #define HAVE_UNORDERED_SET 1
| #define HAVE_STD__HASH_INT_ 1
| #define UNORDERED_NAMESPACE std
| #define BEGIN_UNORDERED_NAMESPACE namespace std {
| #define END_UNORDERED_NAMESPACE }
| /* end confdefs.h.  */
| #include <pthread.h>
|                         static void routine(void *a) { a = 0; }
|                         static void *start_routine(void *a) { return a; }
| int
| main ()
| {
| pthread_t th; pthread_attr_t attr;
|                         pthread_create(&th, 0, start_routine, 0);
|                         pthread_join(th, 0);
|                         pthread_attr_init(&attr);
|                         pthread_cleanup_push(routine, 0);
|                         pthread_cleanup_pop(0) /* ; */
|   ;
|   return 0;
| }
configure:4237: result: no
configure:4135: checking whether pthreads work without any flags
configure:4228: gcc -o conftest -g -O2    conftest.c   >&5
/tmp/ccMHZhv2.o: In function `main':
/home/fuyao/kapar-0.6/conftest.c:31: undefined reference to `pthread_create'
/home/fuyao/kapar-0.6/conftest.c:32: undefined reference to `pthread_join'
/home/fuyao/kapar-0.6/conftest.c:34: undefined reference to `__pthread_register_cancel'
/home/fuyao/kapar-0.6/conftest.c:35: undefined reference to `__pthread_unregister_cancel'
collect2: error: ld returned 1 exit status
configure:4228: $? = 1
configure: failed program was:
| /* confdefs.h */
| #define PACKAGE_NAME "kapar"
| #define PACKAGE_TARNAME "kapar"
| #define PACKAGE_VERSION "0.6"
| #define PACKAGE_STRING "kapar 0.6"
| #define PACKAGE_BUGREPORT ""
| #define PACKAGE_URL ""
| #define STDC_HEADERS 1
| #define HAVE_SYS_TYPES_H 1
| #define HAVE_SYS_STAT_H 1
| #define HAVE_STDLIB_H 1
| #define HAVE_STRING_H 1
| #define HAVE_MEMORY_H 1
| #define HAVE_STRINGS_H 1
| #define HAVE_INTTYPES_H 1
| #define HAVE_STDINT_H 1
| #define HAVE_UNISTD_H 1
| #define HAVE_UNORDERED_SET 1
| #define HAVE_STD__HASH_INT_ 1
| #define UNORDERED_NAMESPACE std
| #define BEGIN_UNORDERED_NAMESPACE namespace std {
| #define END_UNORDERED_NAMESPACE }
| /* end confdefs.h.  */
| #include <pthread.h>
|                         static void routine(void *a) { a = 0; }
|                         static void *start_routine(void *a) { return a; }
| int
| main ()
| {
| pthread_t th; pthread_attr_t attr;
|                         pthread_create(&th, 0, start_routine, 0);
|                         pthread_join(th, 0);
|                         pthread_attr_init(&attr);
|                         pthread_cleanup_push(routine, 0);
|                         pthread_cleanup_pop(0) /* ; */
|   ;
|   return 0;
| }
configure:4237: result: no
configure:4140: checking whether pthreads work with -Kthread
configure:4228: gcc -o conftest -g -O2 -Kthread   conftest.c   >&5
gcc: error: unrecognized command line option '-Kthread'
configure:4228: $? = 1
configure: failed program was:
| /* confdefs.h */
| #define PACKAGE_NAME "kapar"
| #define PACKAGE_TARNAME "kapar"
| #define PACKAGE_VERSION "0.6"
| #define PACKAGE_STRING "kapar 0.6"
| #define PACKAGE_BUGREPORT ""
| #define PACKAGE_URL ""
| #define STDC_HEADERS 1
| #define HAVE_SYS_TYPES_H 1
| #define HAVE_SYS_STAT_H 1
| #define HAVE_STDLIB_H 1
| #define HAVE_STRING_H 1
| #define HAVE_MEMORY_H 1
| #define HAVE_STRINGS_H 1
| #define HAVE_INTTYPES_H 1
| #define HAVE_STDINT_H 1
| #define HAVE_UNISTD_H 1
| #define HAVE_UNORDERED_SET 1
| #define HAVE_STD__HASH_INT_ 1
| #define UNORDERED_NAMESPACE std
| #define BEGIN_UNORDERED_NAMESPACE namespace std {
| #define END_UNORDERED_NAMESPACE }
| /* end confdefs.h.  */
| #include <pthread.h>
|                         static void routine(void *a) { a = 0; }
|                         static void *start_routine(void *a) { return a; }
| int
| main ()
| {
| pthread_t th; pthread_attr_t attr;
|                         pthread_create(&th, 0, start_routine, 0);
|                         pthread_join(th, 0);
|                         pthread_attr_init(&attr);
|                         pthread_cleanup_push(routine, 0);
|                         pthread_cleanup_pop(0) /* ; */
|   ;
|   return 0;
| }
configure:4237: result: no
configure:4140: checking whether pthreads work with -kthread
configure:4228: gcc -o conftest -g -O2 -kthread   conftest.c   >&5
gcc: error: unrecognized command line option '-kthread'
configure:4228: $? = 1
configure: failed program was:
| /* confdefs.h */
| #define PACKAGE_NAME "kapar"
| #define PACKAGE_TARNAME "kapar"
| #define PACKAGE_VERSION "0.6"
| #define PACKAGE_STRING "kapar 0.6"
| #define PACKAGE_BUGREPORT ""
| #define PACKAGE_URL ""
| #define STDC_HEADERS 1
| #define HAVE_SYS_TYPES_H 1
| #define HAVE_SYS_STAT_H 1
| #define HAVE_STDLIB_H 1
| #define HAVE_STRING_H 1
| #define HAVE_MEMORY_H 1
| #define HAVE_STRINGS_H 1
| #define HAVE_INTTYPES_H 1
| #define HAVE_STDINT_H 1
| #define HAVE_UNISTD_H 1
| #define HAVE_UNORDERED_SET 1
| #define HAVE_STD__HASH_INT_ 1
| #define UNORDERED_NAMESPACE std
| #define BEGIN_UNORDERED_NAMESPACE namespace std {
| #define END_UNORDERED_NAMESPACE }
| /* end confdefs.h.  */
| #include <pthread.h>
|                         static void routine(void *a) { a = 0; }
|                         static void *start_routine(void *a) { return a; }
| int
| main ()
| {
| pthread_t th; pthread_attr_t attr;
|                         pthread_create(&th, 0, start_routine, 0);
|                         pthread_join(th, 0);
|                         pthread_attr_init(&attr);
|                         pthread_cleanup_push(routine, 0);
|                         pthread_cleanup_pop(0) /* ; */
|   ;
|   return 0;
| }
configure:4237: result: no
configure:4190: checking for the pthreads library -llthread
configure:4228: gcc -o conftest -g -O2    conftest.c -llthread  >&5
/usr/bin/ld: cannot find -llthread
collect2: error: ld returned 1 exit status
configure:4228: $? = 1
configure: failed program was:
| /* confdefs.h */
| #define PACKAGE_NAME "kapar"
| #define PACKAGE_TARNAME "kapar"
| #define PACKAGE_VERSION "0.6"
| #define PACKAGE_STRING "kapar 0.6"
| #define PACKAGE_BUGREPORT ""
| #define PACKAGE_URL ""
| #define STDC_HEADERS 1
| #define HAVE_SYS_TYPES_H 1
| #define HAVE_SYS_STAT_H 1
| #define HAVE_STDLIB_H 1
| #define HAVE_STRING_H 1
| #define HAVE_MEMORY_H 1
| #define HAVE_STRINGS_H 1
| #define HAVE_INTTYPES_H 1
| #define HAVE_STDINT_H 1
| #define HAVE_UNISTD_H 1
| #define HAVE_UNORDERED_SET 1
| #define HAVE_STD__HASH_INT_ 1
| #define UNORDERED_NAMESPACE std
| #define BEGIN_UNORDERED_NAMESPACE namespace std {
| #define END_UNORDERED_NAMESPACE }
| /* end confdefs.h.  */
| #include <pthread.h>
|                         static void routine(void *a) { a = 0; }
|                         static void *start_routine(void *a) { return a; }
| int
| main ()
| {
| pthread_t th; pthread_attr_t attr;
|                         pthread_create(&th, 0, start_routine, 0);
|                         pthread_join(th, 0);
|                         pthread_attr_init(&attr);
|                         pthread_cleanup_push(routine, 0);
|                         pthread_cleanup_pop(0) /* ; */
|   ;
|   return 0;
| }
configure:4237: result: no
configure:4140: checking whether pthreads work with -pthread
configure:4228: gcc -o conftest -g -O2 -pthread   conftest.c   >&5
configure:4228: $? = 0
configure:4237: result: yes
configure:4256: checking for joinable pthread attribute
configure:4271: gcc -o conftest -g -O2 -pthread   conftest.c   >&5
configure:4271: $? = 0
configure:4277: result: PTHREAD_CREATE_JOINABLE
configure:4287: checking if more special flags are required for pthreads
configure:4294: result: no
configure:4300: checking for PTHREAD_PRIO_INHERIT
configure:4318: gcc -o conftest -g -O2 -pthread   conftest.c   >&5
configure:4318: $? = 0
configure:4327: result: yes
configure:4414: checking for scamper
configure:4428: result: /home/fuyao/scamper-cvs-20191102b
configure:4442: checking scamper_addr.h usability
configure:4442: g++ -c -g -O2 --std=c++11  -I/home/fuyao/scamper-cvs-20191102b conftest.cpp >&5
configure:4442: $? = 0
configure:4442: result: yes
configure:4442: checking scamper_addr.h presence
configure:4442: g++ -E  -I/home/fuyao/scamper-cvs-20191102b conftest.cpp
configure:4442: $? = 0
configure:4442: result: yes
configure:4442: checking for scamper_addr.h
configure:4442: result: yes
configure:4454: checking for scamper_file_openfd in -lscamperfile
configure:4479: g++ -o conftest -g -O2 --std=c++11  -I/home/fuyao/scamper-cvs-20191102b  -L/home/fuyao/scamper-cvs-20191102b conftest.cpp -lscamperfile   >&5
configure:4479: $? = 0
configure:4488: result: yes
configure:4517: checking for gzopen in -lz
configure:4542: g++ -o conftest -g -O2 --std=c++11   conftest.cpp -lz   >&5
configure:4542: $? = 0
configure:4551: result: yes
configure:4694: creating ./config.status

## ---------------------- ##
## Running config.status. ##
## ---------------------- ##

This file was extended by kapar config.status 0.6, which was
generated by GNU Autoconf 2.69.  Invocation command line was

  CONFIG_FILES    = 
  CONFIG_HEADERS  = 
  CONFIG_LINKS    = 
  CONFIG_COMMANDS = 
  $ ./config.status 

on fuyao-xiaou

config.status:834: creating Makefile
config.status:834: creating lib/Makefile
config.status:834: creating kapar/Makefile
config.status:834: creating utils/Makefile
config.status:834: creating lib/config.h
config.status:834: creating kapar/config.h
config.status:1004: kapar/config.h is unchanged
config.status:834: creating lib/unordered_set.h
config.status:1004: lib/unordered_set.h is unchanged
configure:5856: result: 
configure:5858: result: Configuration complete.

## ---------------- ##
## Cache variables. ##
## ---------------- ##

ac_cv_build=x86_64-unknown-linux-gnu
ac_cv_c_compiler_gnu=yes
ac_cv_cxx_compiler_gnu=yes
ac_cv_env_CCC_set=
ac_cv_env_CCC_value=
ac_cv_env_CC_set=
ac_cv_env_CC_value=
ac_cv_env_CFLAGS_set=
ac_cv_env_CFLAGS_value=
ac_cv_env_CPPFLAGS_set=
ac_cv_env_CPPFLAGS_value=
ac_cv_env_CXXCPP_set=
ac_cv_env_CXXCPP_value=
ac_cv_env_CXXFLAGS_set=
ac_cv_env_CXXFLAGS_value=
ac_cv_env_CXX_set=
ac_cv_env_CXX_value=
ac_cv_env_LDFLAGS_set=
ac_cv_env_LDFLAGS_value=
ac_cv_env_LIBS_set=
ac_cv_env_LIBS_value=
ac_cv_env_build_alias_set=
ac_cv_env_build_alias_value=
ac_cv_env_host_alias_set=
ac_cv_env_host_alias_value=
ac_cv_env_target_alias_set=
ac_cv_env_target_alias_value=
ac_cv_header_inttypes_h=yes
ac_cv_header_memory_h=yes
ac_cv_header_scamper_addr_h=yes
ac_cv_header_stdc=yes
ac_cv_header_stdint_h=yes
ac_cv_header_stdlib_h=yes
ac_cv_header_string_h=yes
ac_cv_header_strings_h=yes
ac_cv_header_sys_stat_h=yes
ac_cv_header_sys_types_h=yes
ac_cv_header_unistd_h=yes
ac_cv_header_unordered_set=yes
ac_cv_host=x86_64-unknown-linux-gnu
ac_cv_lib_scamperfile_scamper_file_openfd=yes
ac_cv_lib_z_gzopen=yes
ac_cv_objext=o
ac_cv_path_EGREP='/bin/grep -E'
ac_cv_path_GREP=/bin/grep
ac_cv_prog_CXXCPP='g++ -E'
ac_cv_prog_ac_ct_CC=gcc
ac_cv_prog_ac_ct_CXX=g++
ac_cv_prog_cc_c89=
ac_cv_prog_cc_g=yes
ac_cv_prog_cxx_g=yes
ac_cv_prog_make_make_set=yes
ac_cv_type_std__hash_int_=yes
ax_cv_PTHREAD_PRIO_INHERIT=yes

## ----------------- ##
## Output variables. ##
## ----------------- ##

CC='gcc'
CC_LIBS=''
CFLAGS='-g -O2'
CPPFLAGS=''
CXX='g++'
CXXCPP='g++ -E'
CXXFLAGS='-g -O2 --std=c++11'
CXX_LIBS=''
DEFS='-DHAVE_CONFIG_H'
DEV='NO'
ECHO_C=''
ECHO_N='-n'
ECHO_T=''
EGREP='/bin/grep -E'
EXEEXT=''
GREP='/bin/grep'
LDFLAGS=''
LIBOBJS=''
LIBS='-lz '
LTLIBOBJS=''
OBJEXT='o'
PACKAGE_BUGREPORT=''
PACKAGE_NAME='kapar'
PACKAGE_STRING='kapar 0.6'
PACKAGE_TARNAME='kapar'
PACKAGE_URL=''
PACKAGE_VERSION='0.6'
PATH_SEPARATOR=':'
PTHREAD_CC='gcc'
PTHREAD_CFLAGS='-pthread'
PTHREAD_LIBS=''
SCAMPER='SCAMPER'
SCAMPER_CPPFLAGS='-I/home/fuyao/scamper-cvs-20191102b'
SCAMPER_LDFLAGS='-L/home/fuyao/scamper-cvs-20191102b'
SCAMPER_LIBS='-lscamperfile'
SET_MAKE=''
SHELL='/bin/bash'
ac_ct_CC='gcc'
ac_ct_CXX='g++'
ax_pthread_config=''
bindir='${exec_prefix}/bin'
build='x86_64-unknown-linux-gnu'
build_alias=''
build_cpu='x86_64'
build_os='linux-gnu'
build_vendor='unknown'
datadir='${datarootdir}'
datarootdir='${prefix}/share'
docdir='${datarootdir}/doc/${PACKAGE_TARNAME}'
dvidir='${docdir}'
exec_prefix='${prefix}'
host='x86_64-unknown-linux-gnu'
host_alias=''
host_cpu='x86_64'
host_os='linux-gnu'
host_vendor='unknown'
htmldir='${docdir}'
includedir='${prefix}/include'
infodir='${datarootdir}/info'
libdir='${exec_prefix}/lib'
libexecdir='${exec_prefix}/libexec'
localedir='${datarootdir}/locale'
localstatedir='${prefix}/var'
mandir='${datarootdir}/man'
oldincludedir='/usr/include'
pdfdir='${docdir}'
prefix='/usr/local'
program_transform_name='s,x,x,'
psdir='${docdir}'
sbindir='${exec_prefix}/sbin'
sharedstatedir='${prefix}/com'
subdirs='lib kapar'
sysconfdir='${prefix}/etc'
target_alias=''

## ----------- ##
## confdefs.h. ##
## ----------- ##

/* confdefs.h */
#define PACKAGE_NAME "kapar"
#define PACKAGE_TARNAME "kapar"
#define PACKAGE_VERSION "0.6"
#define PACKAGE_STRING "kapar 0.6"
#define PACKAGE_BUGREPORT ""
#define PACKAGE_URL ""
#define STDC_HEADERS 1
#define HAVE_SYS_TYPES_H 1
#define HAVE_SYS_STAT_H 1
#define HAVE_STDLIB_H 1
#define HAVE_STRING_H 1
#define HAVE_MEMORY_H 1
#define HAVE_STRINGS_H 1
#define HAVE_INTTYPES_H 1
#define HAVE_STDINT_H 1
#define HAVE_UNISTD_H 1
#define HAVE_UNORDERED_SET 1
#define HAVE_STD__HASH_INT_ 1
#define UNORDERED_NAMESPACE std
#define BEGIN_UNORDERED_NAMESPACE namespace std {
#define END_UNORDERED_NAMESPACE }
#define HAVE_PTHREAD_PRIO_INHERIT 1
#define HAVE_PTHREAD 1
#define HAVE_SCAMPER_ADDR_H 1
#define HAVE_LIBSCAMPERFILE 1
#define HAVE_SCAMPER 1
#define HAVE_LIBZ 1

configure: exit 0
